Using pre-set license
Built from '2020.3/staging' branch; Version is '2020.3.18f1 (a7d1c678663c) revision 10998214'; Using compiler version '192528614'; Build Type 'Release'
OS: 'Windows 10 Pro; OS build 22000.466; Version 2009; 64bit' Language: 'en' Physical Memory: 24533 MB
BatchMode: 1, IsHumanControllingUs: 0, StartBugReporterOnCrash: 0, Is64bit: 1, IsPro: 0

COMMAND LINE ARGUMENTS:
C:\Program Files\Unity\Hub\Editor\2020.3.18f1\Editor\Unity.exe
-adb2
-batchMode
-noUpm
-name
AssetImportWorker0
-projectPath
C:/Users/Joe Tingle/Desktop/Portfolio/Terrain/Terrain Generation
-logFile
Logs/AssetImportWorker0.log
-srvPort
51743
Successfully changed project path to: C:/Users/Joe Tingle/Desktop/Portfolio/Terrain/Terrain Generation
C:/Users/Joe Tingle/Desktop/Portfolio/Terrain/Terrain Generation
Using Asset Import Pipeline V2.
Refreshing native plugins compatible for Editor in 55.44 ms, found 2 plugins.
Preloading 0 native plugins for Editor in 0.00 ms.
Initialize engine version: 2020.3.18f1 (a7d1c678663c)
[Subsystems] Discovering subsystems at path C:/Program Files/Unity/Hub/Editor/2020.3.18f1/Editor/Data/Resources/UnitySubsystems
[Subsystems] Discovering subsystems at path C:/Users/Joe Tingle/Desktop/Portfolio/Terrain/Terrain Generation/Assets
GfxDevice: creating device client; threaded=0
Direct3D:
    Version:  Direct3D 11.0 [level 11.1]
    Renderer: NVIDIA GeForce GTX 1080 (ID=0x1b80)
    Vendor:   
    VRAM:     8079 MB
    Driver:   30.0.15.1123
Initialize mono
Mono path[0] = 'C:/Program Files/Unity/Hub/Editor/2020.3.18f1/Editor/Data/Managed'
Mono path[1] = 'C:/Program Files/Unity/Hub/Editor/2020.3.18f1/Editor/Data/MonoBleedingEdge/lib/mono/unityjit'
Mono config path = 'C:/Program Files/Unity/Hub/Editor/2020.3.18f1/Editor/Data/MonoBleedingEdge/etc'
Using monoOptions --debugger-agent=transport=dt_socket,embedding=1,server=y,suspend=n,address=127.0.0.1:56568
Begin MonoManager ReloadAssembly
Registering precompiled unity dll's ...
Register platform support module: C:/Program Files/Unity/Hub/Editor/2020.3.18f1/Editor/Data/PlaybackEngines/WindowsStandaloneSupport/UnityEditor.WindowsStandalone.Extensions.dll
Registered in 0.001287 seconds.
Native extension for WindowsStandalone target not found
Refreshing native plugins compatible for Editor in 50.51 ms, found 2 plugins.
Preloading 0 native plugins for Editor in 0.00 ms.
Mono: successfully reloaded assembly
- Completed reload, in  1.480 seconds
Domain Reload Profiling:
	ReloadAssembly (1481ms)
		BeginReloadAssembly (47ms)
			ExecutionOrderSort (0ms)
			DisableScriptedObjects (0ms)
			BackupInstance (0ms)
			ReleaseScriptingObjects (0ms)
			CreateAndSetChildDomain (1ms)
		EndReloadAssembly (400ms)
			LoadAssemblies (46ms)
			RebuildTransferFunctionScriptingTraits (0ms)
			SetupTypeCache (136ms)
			ReleaseScriptCaches (0ms)
			RebuildScriptCaches (29ms)
			SetupLoadedEditorAssemblies (167ms)
				LogAssemblyErrors (0ms)
				InitializePlatformSupportModulesInManaged (3ms)
				SetLoadedEditorAssemblies (0ms)
				RefreshPlugins (51ms)
				BeforeProcessingInitializeOnLoad (15ms)
				ProcessInitializeOnLoadAttributes (72ms)
				ProcessInitializeOnLoadMethodAttributes (26ms)
				AfterProcessingInitializeOnLoad (0ms)
				EditorAssembliesLoaded (0ms)
			ExecutionOrderSort2 (0ms)
			AwakeInstancesAfterBackupRestoration (0ms)
Platform modules already initialized, skipping
Registering precompiled user dll's ...
Registered in 0.003948 seconds.
Begin MonoManager ReloadAssembly
Native extension for WindowsStandalone target not found
Refreshing native plugins compatible for Editor in 0.53 ms, found 2 plugins.
Preloading 0 native plugins for Editor in 0.00 ms.
Mono: successfully reloaded assembly
- Completed reload, in  0.985 seconds
Domain Reload Profiling:
	ReloadAssembly (986ms)
		BeginReloadAssembly (124ms)
			ExecutionOrderSort (0ms)
			DisableScriptedObjects (4ms)
			BackupInstance (0ms)
			ReleaseScriptingObjects (0ms)
			CreateAndSetChildDomain (16ms)
		EndReloadAssembly (807ms)
			LoadAssemblies (79ms)
			RebuildTransferFunctionScriptingTraits (0ms)
			SetupTypeCache (255ms)
			ReleaseScriptCaches (0ms)
			RebuildScriptCaches (43ms)
			SetupLoadedEditorAssemblies (334ms)
				LogAssemblyErrors (0ms)
				InitializePlatformSupportModulesInManaged (5ms)
				SetLoadedEditorAssemblies (0ms)
				RefreshPlugins (1ms)
				BeforeProcessingInitializeOnLoad (79ms)
				ProcessInitializeOnLoadAttributes (212ms)
				ProcessInitializeOnLoadMethodAttributes (32ms)
				AfterProcessingInitializeOnLoad (4ms)
				EditorAssembliesLoaded (0ms)
			ExecutionOrderSort2 (0ms)
			AwakeInstancesAfterBackupRestoration (6ms)
Platform modules already initialized, skipping
========================================================================
Worker process is ready to serve import requests
Launched and connected shader compiler UnityShaderCompiler.exe after 0.08 seconds
Refreshing native plugins compatible for Editor in 0.55 ms, found 2 plugins.
Preloading 0 native plugins for Editor in 0.00 ms.
Unloading 1970 Unused Serialized files (Serialized files now loaded: 0)
System memory in use before: 81.1 MB.
System memory in use after: 81.2 MB.

Unloading 56 unused Assets to reduce memory usage. Loaded Objects now: 2377.
Total: 5.218400 ms (FindLiveObjects: 0.167300 ms CreateObjectMapping: 0.088500 ms MarkObjects: 4.888700 ms  DeleteObjects: 0.071300 ms)

AssetImportParameters requested are different than current active one (requested -> active):
  custom:framework-win-MediaFoundation: 216162199b28c13a410421893ffa2e32 -> 
  custom:video-decoder-ogg-theora: a1e56fd34408186e4bbccfd4996cb3dc -> 
  custom:container-muxer-webm: aa71ff27fc2769a1b78a27578f13a17b -> 
  custom:container-demuxer-webm: 4f35f7cbe854078d1ac9338744f61a02 -> 
  custom:container-demuxer-ogg: 62fdf1f143b41e24485cea50d1cbac27 -> 
  custom:video-encoder-webm-vp8: eb34c28f22e8b96e1ab97ce403110664 -> 
  custom:video-codec-MediaFoundation-h265: 746d11721c4dcdbdad8f713fa42b33f4 -> 
  custom:video-decoder-webm-vp8: 9c59270c3fd7afecdb556c50c9e8de78 -> 
  custom:audio-decoder-ogg-vorbis: bf7c407c2cedff20999df2af8eb42d56 -> 
  custom:audio-encoder-webm-vorbis: bf7c407c2cedff20999df2af8eb42d56 -> 
========================================================================
Received Import Request.
  path: Assets/Scripts
  artifactKey: Guid(e8633a56224941e4787ac4e21f0673d0) Importer(815301076,1909f56bfc062723c751e8b465ee728b)
Start importing Assets/Scripts using Guid(e8633a56224941e4787ac4e21f0673d0) Importer(815301076,1909f56bfc062723c751e8b465ee728b)  -> (artifact id: '793452910a4b2fca36b41e47db25286b') in 0.008915 seconds 
  Import took 0.011479 seconds .

========================================================================
Received Import Request.
  Time since last request: 0.000144 seconds.
  path: Assets/Scripts/TextureGenerator.cs
  artifactKey: Guid(527e1975af4f87c41988977a9d475235) Importer(815301076,1909f56bfc062723c751e8b465ee728b)
Start importing Assets/Scripts/TextureGenerator.cs using Guid(527e1975af4f87c41988977a9d475235) Importer(815301076,1909f56bfc062723c751e8b465ee728b)  -> (artifact id: '414e8e0c9bf2f0b0802acb507591f704') in 0.067152 seconds 
  Import took 0.069634 seconds .

========================================================================
Received Import Request.
  Time since last request: 4.605253 seconds.
  path: Assets/Scripts/PerlinNoise.cs
  artifactKey: Guid(d2fc489a83b6f4c49b69bb5727dfb46a) Importer(815301076,1909f56bfc062723c751e8b465ee728b)
Start importing Assets/Scripts/PerlinNoise.cs using Guid(d2fc489a83b6f4c49b69bb5727dfb46a) Importer(815301076,1909f56bfc062723c751e8b465ee728b)  -> (artifact id: '36460eddee1450dbc805f04208511492') in 0.010277 seconds 
  Import took 0.012886 seconds .

========================================================================
Received Import Request.
  Time since last request: 3.353933 seconds.
  path: Assets/Scripts/MeshGenerator.cs
  artifactKey: Guid(5b846bb2c219a044baab53f0019b415e) Importer(815301076,1909f56bfc062723c751e8b465ee728b)
Start importing Assets/Scripts/MeshGenerator.cs using Guid(5b846bb2c219a044baab53f0019b415e) Importer(815301076,1909f56bfc062723c751e8b465ee728b)  -> (artifact id: '7bf709b25b33b042e0d94d7ded3301be') in 0.010704 seconds 
  Import took 0.014673 seconds .

========================================================================
Received Import Request.
  Time since last request: 3.633496 seconds.
  path: Assets/Scripts/MapGeneration.cs
  artifactKey: Guid(4465e9294403ce24f818542329fe3f9e) Importer(815301076,1909f56bfc062723c751e8b465ee728b)
Start importing Assets/Scripts/MapGeneration.cs using Guid(4465e9294403ce24f818542329fe3f9e) Importer(815301076,1909f56bfc062723c751e8b465ee728b)  -> (artifact id: '9d6b80a444c5afeb3f9af96d289aaabf') in 0.007369 seconds 
  Import took 0.013106 seconds .

========================================================================
Received Import Request.
  Time since last request: 12.748276 seconds.
  path: Assets/Scripts/MapDisplay.cs
  artifactKey: Guid(742fe37c0751f974fa0ff5701e3fc0a4) Importer(815301076,1909f56bfc062723c751e8b465ee728b)
Start importing Assets/Scripts/MapDisplay.cs using Guid(742fe37c0751f974fa0ff5701e3fc0a4) Importer(815301076,1909f56bfc062723c751e8b465ee728b)  -> (artifact id: 'e6147845e333d028aba3a20aa4b90736') in 0.008621 seconds 
  Import took 0.012213 seconds .

========================================================================
Received Import Request.
  Time since last request: 0.001109 seconds.
  path: Assets/Scripts/MapDisplay.cs
  artifactKey: Guid(742fe37c0751f974fa0ff5701e3fc0a4) Importer(815301076,1909f56bfc062723c751e8b465ee728b)
Start importing Assets/Scripts/MapDisplay.cs using Guid(742fe37c0751f974fa0ff5701e3fc0a4) Importer(815301076,1909f56bfc062723c751e8b465ee728b)  -> (artifact id: 'e6147845e333d028aba3a20aa4b90736') in 0.002803 seconds 
  Import took 0.006121 seconds .

========================================================================
Received Prepare
Refreshing native plugins compatible for Editor in 10.57 ms, found 2 plugins.
Preloading 0 native plugins for Editor in 0.00 ms.
Unloading 45 Unused Serialized files (Serialized files now loaded: 0)
System memory in use before: 42.8 MB.
System memory in use after: 43.0 MB.

Unloading 45 unused Assets to reduce memory usage. Loaded Objects now: 2377.
Total: 6.194700 ms (FindLiveObjects: 0.160700 ms CreateObjectMapping: 0.066300 ms MarkObjects: 5.924200 ms  DeleteObjects: 0.042100 ms)

AssetImportParameters requested are different than current active one (requested -> active):
  custom:framework-win-MediaFoundation: 216162199b28c13a410421893ffa2e32 -> 
  custom:video-decoder-ogg-theora: a1e56fd34408186e4bbccfd4996cb3dc -> 
  custom:container-muxer-webm: aa71ff27fc2769a1b78a27578f13a17b -> 
  custom:container-demuxer-webm: 4f35f7cbe854078d1ac9338744f61a02 -> 
  custom:container-demuxer-ogg: 62fdf1f143b41e24485cea50d1cbac27 -> 
  custom:video-encoder-webm-vp8: eb34c28f22e8b96e1ab97ce403110664 -> 
  custom:video-codec-MediaFoundation-h265: 746d11721c4dcdbdad8f713fa42b33f4 -> 
  custom:video-decoder-webm-vp8: 9c59270c3fd7afecdb556c50c9e8de78 -> 
  custom:audio-decoder-ogg-vorbis: bf7c407c2cedff20999df2af8eb42d56 -> 
  custom:audio-encoder-webm-vorbis: bf7c407c2cedff20999df2af8eb42d56 -> 
AssetImportWorkerClient::OnTransportError - code=2 error=End of file
